###############################################################################
#                              [brunch.lst]
#                         to load Brunch Framework
###############################################################################

#==============================================================================
#####----{menuentry}----
#------------------------------------------------------------------------------
function brunch_chrome {
	menuentry "${MENU_CROS}" --class "chrome" --id "chrome" --hotkey "c" {
		if [ "${FILE_IMG}" ] -a [ "${FILE_TXT}" ]; then
			loopback loop ${FILE_IMG}
			source (loop,12)/efi/boot/settings.cfg
			if [ -z $verbose ] -o [ $verbose -eq 0 ]; then
				linux (loop,7)$kernel boot=local noresume noswap loglevel=7 cros_secure cros_debug \
					options=$options chromeos_bootsplash=$chromeos_bootsplash $cmdline_params \
					console= vt.global_cursor_default=0 brunch_bootsplash=$brunch_bootsplash quiet \
					img_uuid=${img_uuid} img_path=${img_path}
			else
				linux (loop,7)$kernel boot=local noresume noswap loglevel=7 cros_secure cros_debug \
					options=$options chromeos_bootsplash=$chromeos_bootsplash $cmdline_params \
					img_uuid=${img_uuid} img_path=${img_path}
			fi
			initrd (loop,7)/lib/firmware/amd-ucode.img (loop,7)/lib/firmware/intel-ucode.img (loop,7)/initramfs.img
		else
			clear_menu
			theme_vtoyfm
			if [ -z "${FILE_IMG}" ]; then
				echo_noimg
			fi
			if [ -z "${FILE_TXT}" ]; then
				echo_notxt
			fi
			grub_fm
			set SELECTED=chrome
		fi
	}
}
#------------------------------------------------------------------------------
function brunch_settings {
	menuentry "${MENU_BRUNCH}" --class "brunch" --id "brunch" --hotkey "b" {
		if [ "${FILE_IMG}" ] -a [ "${FILE_TXT}" ]; then
			loopback loop ${FILE_IMG}
			source (loop,12)/efi/boot/settings.cfg
			linux (loop,7)/kernel boot=local noresume noswap loglevel=7 cros_secure cros_debug \
				options= chromeos_bootsplash= edit_brunch_config=1 \
				img_uuid=${img_uuid} img_path=${img_path}
			initrd (loop,7)/lib/firmware/amd-ucode.img (loop,7)/lib/firmware/intel-ucode.img (loop,7)/initramfs.img
		else
			clear_menu
			theme_vtoyfm
			if [ -z "${FILE_IMG}" ]; then
				echo_noimg
			fi
			if [ -z "${FILE_TXT}" ]; then
				echo_notxt
			fi
			grub_fm
			set SELECTED=brunch
		fi
	}
}
#==============================================================================
